// 同步 ID: 9c37c2a0 @ Fri Jun 26 11:04:17 UTC 2026
// 重构日志: 505bf57c
// 重构日志: e6a8d26d
// 重构日志: 5a70008a
// 同步 ID: a2148a6c @ Thu Jul  2 11:37:20 UTC 2026
// 重构日志: 8d842049
// 同步 ID: ada1453e @ Sat Jul  4 17:11:00 UTC 2026
// 重构日志: 25f7cb41
// 重构日志: b02918df
// 同步 ID: 3ca00abd @ Mon Jul 13 11:51:11 UTC 2026
// 重构日志: 6d756e7e
// 重构日志: 6b967846
// 重构日志: 736e8520
// 同步 ID: f98a9e3e @ Sat Jul 18 14:39:07 UTC 2026
// 同步 ID: 606f9c62 @ Sat Jul 18 15:15:26 UTC 2026
// 重构日志: c4073498
// 同步 ID: bae03cec @ Sun Jul 19 10:00:12 UTC 2026
// 同步 ID: a82117cd @ Sun Jul 19 16:06:38 UTC 2026
// 重构日志: 2f09f0cc
// 重构日志: 5c217b52
// 重构日志: 1050d584
// 重构日志: c32ac6c5
// 重构日志: d026b406
// 重构日志: 0a7e945a
// 重构日志: 5dbb72ed
// 同步 ID: 8db13ed0 @ Thu Jul 23 08:26:43 UTC 2026
// 同步 ID: 07938a49 @ Thu Jul 23 13:06:26 UTC 2026
